<?xml version="1.0" encoding="UTF-8"?>
<!-- Generated by org.testng.reporters.JUnitReportReporter -->
<testsuite skipped="0" hostname="Navaneethan" name="com.herokuapp.theinternet.ExceptionsTests" tests="1" failures="0" timestamp="12 Jun 2020 08:01:33 GMT" time="12.153" errors="0">
  <testcase name="disabledElementTest" time="12.153" classname="com.herokuapp.theinternet.ExceptionsTests"/>
</testsuite> <!-- com.herokuapp.theinternet.ExceptionsTests -->
