<?xml version="1.0" encoding="UTF-8"?>
<!-- Generated by org.testng.reporters.JUnitReportReporter -->
<testsuite skipped="0" hostname="Navaneethan" name="com.herokuapp.theinternet.LoginTests" tests="1" failures="0" timestamp="21 May 2020 15:43:10 GMT" time="23.714" errors="0">
  <testcase name="positiveLoginTest" time="23.714" classname="com.herokuapp.theinternet.LoginTests"/>
</testsuite> <!-- com.herokuapp.theinternet.LoginTests -->
