<?xml version="1.0" encoding="UTF-8"?>
<!-- Generated by org.testng.reporters.JUnitReportReporter -->
<testsuite skipped="0" hostname="Navaneethan" name="com.herokuapp.theinternet.NegativeTests" tests="2" failures="0" timestamp="24 Apr 2020 14:21:18 GMT" time="45.304" errors="0">
  <testcase name="negativeLoginTest" time="17.726" classname="com.herokuapp.theinternet.NegativeTests"/>
  <testcase name="negativeLoginTest" time="27.578" classname="com.herokuapp.theinternet.NegativeTests"/>
</testsuite> <!-- com.herokuapp.theinternet.NegativeTests -->
