<?xml version="1.0" encoding="UTF-8"?>
<!-- Generated by org.testng.reporters.JUnitReportReporter -->
<testsuite skipped="0" hostname="Navaneethan" name="com.herokuapp.theinternet.NegativeTests" tests="2" failures="0" timestamp="09 Apr 2020 15:29:30 GMT" time="42.744" errors="0">
  <testcase name="incorrectUsernameTest" time="28.928" classname="com.herokuapp.theinternet.NegativeTests"/>
  <testcase name="incorrectPasswordTest" time="13.816" classname="com.herokuapp.theinternet.NegativeTests"/>
</testsuite> <!-- com.herokuapp.theinternet.NegativeTests -->
