<?xml version="1.0" encoding="UTF-8"?>
<!-- Generated by org.testng.reporters.JUnitReportReporter -->
<testsuite skipped="0" hostname="Navaneethan" name="com.herokuapp.theinternet.PositiveTests" tests="1" failures="0" timestamp="09 Apr 2020 15:29:30 GMT" time="33.478" errors="0">
  <testcase name="loginTest" time="33.478" classname="com.herokuapp.theinternet.PositiveTests"/>
</testsuite> <!-- com.herokuapp.theinternet.PositiveTests -->
